This is pdfTeX, Version 3.141592653-2.6-1.40.22 (MiKTeX 21.3) (preloaded format=pdflatex 2021.5.23)  4 JUL 2021 22:31
entering extended mode
**./Assignment2-report.tex
(Assignment2-report.tex
LaTeX2e <2020-10-01> patch level 4
L3 programming layer <2021-05-11> (E:\MiKTeX 2.9\tex/latex/base\article.cls
Document Class: article 2020/04/10 v1.4m Standard LaTeX document class
(E:\MiKTeX 2.9\tex/latex/base\size10.clo
File: size10.clo 2020/04/10 v1.4m Standard LaTeX file (size option)
)
\c@part=\count179
\c@section=\count180
\c@subsection=\count181
\c@subsubsection=\count182
\c@paragraph=\count183
\c@subparagraph=\count184
\c@figure=\count185
\c@table=\count186
\abovecaptionskip=\skip47
\belowcaptionskip=\skip48
\bibindent=\dimen138
)
(E:\MiKTeX 2.9\tex/latex/listings\listings.sty
(E:\MiKTeX 2.9\tex/latex/graphics\keyval.sty
Package: keyval 2014/10/28 v1.15 key=value parser (DPC)
\KV@toks@=\toks15
)
\lst@mode=\count187
\lst@gtempboxa=\box47
\lst@token=\toks16
\lst@length=\count188
\lst@currlwidth=\dimen139
\lst@column=\count189
\lst@pos=\count190
\lst@lostspace=\dimen140
\lst@width=\dimen141
\lst@newlines=\count191
\lst@lineno=\count192
\lst@maxwidth=\dimen142

(E:\MiKTeX 2.9\tex/latex/listings\lstmisc.sty
File: lstmisc.sty 2020/03/24 1.8d (Carsten Heinz)
\c@lstnumber=\count193
\lst@skipnumbers=\count194
\lst@framebox=\box48
)
(E:\MiKTeX 2.9\tex/latex/listings\listings.cfg
File: listings.cfg 2020/03/24 1.8d listings configuration
))
Package: listings 2020/03/24 1.8d (Carsten Heinz)

(E:\MiKTeX 2.9\tex/latex/graphics\color.sty
Package: color 2020/02/24 v1.2b Standard LaTeX Color (DPC)

(E:\MiKTeX 2.9\tex/latex/graphics-cfg\color.cfg
File: color.cfg 2016/01/02 v1.6 sample color configuration
)
Package color Info: Driver file: pdftex.def on input line 147.

(E:\MiKTeX 2.9\tex/latex/graphics-def\pdftex.def
File: pdftex.def 2020/10/05 v1.2a Graphics/color driver for pdftex
))
(E:\MiKTeX 2.9\tex/latex/graphics\graphicx.sty
Package: graphicx 2020/09/09 v1.2b Enhanced LaTeX Graphics (DPC,SPQR)

(E:\MiKTeX 2.9\tex/latex/graphics\graphics.sty
Package: graphics 2020/08/30 v1.4c Standard LaTeX Graphics (DPC,SPQR)

(E:\MiKTeX 2.9\tex/latex/graphics\trig.sty
Package: trig 2016/01/03 v1.10 sin cos tan (DPC)
)
(E:\MiKTeX 2.9\tex/latex/graphics-cfg\graphics.cfg
File: graphics.cfg 2016/06/04 v1.11 sample graphics configuration
)
Package graphics Info: Driver file: pdftex.def on input line 105.
)
\Gin@req@height=\dimen143
\Gin@req@width=\dimen144
)
(E:\MiKTeX 2.9\tex/latex/caption\subcaption.sty
Package: subcaption 2020/10/07 v1.3j Sub-captions (AR)

(E:\MiKTeX 2.9\tex/latex/caption\caption.sty
Package: caption 2020/10/26 v3.5g Customizing captions (AR)

(E:\MiKTeX 2.9\tex/latex/caption\caption3.sty
Package: caption3 2020/10/21 v2.2e caption3 kernel (AR)
\captionmargin=\dimen145
\captionmargin@=\dimen146
\captionwidth=\dimen147
\caption@tempdima=\dimen148
\caption@indent=\dimen149
\caption@parindent=\dimen150
\caption@hangindent=\dimen151
Package caption Info: Standard document class detected.
)
\c@caption@flags=\count195
\c@continuedfloat=\count196
Package caption Info: listings package is loaded.
)
\c@subfigure=\count197
\c@subtable=\count198
)
(E:\MiKTeX 2.9\tex/latex/was\gensymb.sty
Package: gensymb 2003/07/02 v1.0 (WaS)
)
(E:\MiKTeX 2.9\tex/latex/geometry\geometry.sty
Package: geometry 2020/01/02 v5.9 Page Geometry

(E:\MiKTeX 2.9\tex/generic/iftex\ifvtex.sty
Package: ifvtex 2019/10/25 v1.7 ifvtex legacy package. Use iftex instead.

(E:\MiKTeX 2.9\tex/generic/iftex\iftex.sty
Package: iftex 2020/03/06 v1.0d TeX engine tests
))
\Gm@cnth=\count199
\Gm@cntv=\count266
\c@Gm@tempcnt=\count267
\Gm@bindingoffset=\dimen152
\Gm@wd@mp=\dimen153
\Gm@odd@mp=\dimen154
\Gm@even@mp=\dimen155
\Gm@layoutwidth=\dimen156
\Gm@layoutheight=\dimen157
\Gm@layouthoffset=\dimen158
\Gm@layoutvoffset=\dimen159
\Gm@dimlist=\toks17

(E:\MiKTeX 2.9\tex/latex/geometry\geometry.cfg))
(E:\MiKTeX 2.9\tex/latex/listings\lstlang1.sty
File: lstlang1.sty 2020/03/24 1.8d listings language file
)
(E:\MiKTeX 2.9\tex/latex/l3backend\l3backend-pdftex.def
File: l3backend-pdftex.def 2021-05-07 L3 backend support: PDF output (pdfTeX)
\l__color_backend_stack_int=\count268
\l__pdf_internal_box=\box49
)

LaTeX Warning: Unused global option(s):
    [14pt].

(Assignment2-report.aux)
\openout1 = `Assignment2-report.aux'.

LaTeX Font Info:    Checking defaults for OML/cmm/m/it on input line 34.
LaTeX Font Info:    ... okay on input line 34.
LaTeX Font Info:    Checking defaults for OMS/cmsy/m/n on input line 34.
LaTeX Font Info:    ... okay on input line 34.
LaTeX Font Info:    Checking defaults for OT1/cmr/m/n on input line 34.
LaTeX Font Info:    ... okay on input line 34.
LaTeX Font Info:    Checking defaults for T1/cmr/m/n on input line 34.
LaTeX Font Info:    ... okay on input line 34.
LaTeX Font Info:    Checking defaults for TS1/cmr/m/n on input line 34.
LaTeX Font Info:    ... okay on input line 34.
LaTeX Font Info:    Checking defaults for OMX/cmex/m/n on input line 34.
LaTeX Font Info:    ... okay on input line 34.
LaTeX Font Info:    Checking defaults for U/cmr/m/n on input line 34.
LaTeX Font Info:    ... okay on input line 34.
\c@lstlisting=\count269
 (E:\MiKTeX 2.9\tex/context/base/mkii\supp-pdf.mkii
[Loading MPS to PDF converter (version 2006.09.02).]
\scratchcounter=\count270
\scratchdimen=\dimen160
\scratchbox=\box50
\nofMPsegments=\count271
\nofMParguments=\count272
\everyMPshowfont=\toks18
\MPscratchCnt=\count273
\MPscratchDim=\dimen161
\MPnumerator=\count274
\makeMPintoPDFobject=\count275
\everyMPtoPDFconversion=\toks19
) (E:\MiKTeX 2.9\tex/latex/epstopdf-pkg\epstopdf-base.sty
Package: epstopdf-base 2020-01-24 v2.11 Base part for package epstopdf
Package epstopdf-base Info: Redefining graphics rule for `.eps' on input line 4
85.

(E:\MiKTeX 2.9\tex/latex/00miktex\epstopdf-sys.cfg
File: epstopdf-sys.cfg 2021/03/18 v2.0 Configuration of epstopdf for MiKTeX
))
Package caption Info: Begin \AtBeginDocument code.
Package caption Info: End \AtBeginDocument code.
LaTeX Info: Redefining \celsius on input line 34.
Package gensymb Info: Faking symbols for \degree and \celsius on input line 34.



Package gensymb Warning: Not defining \perthousand.

LaTeX Info: Redefining \ohm on input line 34.
Package gensymb Info: Using \Omega for \ohm on input line 34.

Package gensymb Warning: Not defining \micro.

*geometry* driver: auto-detecting
*geometry* detected driver: pdftex
*geometry* verbose mode - [ preamble ] result:
* driver: pdftex
* paper: a4paper
* layout: <same size as paper>
* layoutoffset:(h,v)=(0.0pt,0.0pt)
* modes: 
* h-part:(L,W,R)=(56.9055pt, 483.69687pt, 56.9055pt)
* v-part:(T,H,B)=(28.45274pt, 788.14136pt, 28.45274pt)
* \paperwidth=597.50787pt
* \paperheight=845.04684pt
* \textwidth=483.69687pt
* \textheight=788.14136pt
* \oddsidemargin=-15.36449pt
* \evensidemargin=-15.36449pt
* \topmargin=-80.81725pt
* \headheight=12.0pt
* \headsep=25.0pt
* \topskip=10.0pt
* \footskip=30.0pt
* \marginparwidth=65.0pt
* \marginparsep=11.0pt
* \columnsep=10.0pt
* \skip\footins=9.0pt plus 4.0pt minus 2.0pt
* \hoffset=0.0pt
* \voffset=0.0pt
* \mag=1000
* \@twocolumnfalse
* \@twosidefalse
* \@mparswitchfalse
* \@reversemarginfalse
* (1in=72.27pt=25.4mm, 1cm=28.453pt)

LaTeX Font Info:    External font `cmex10' loaded for size
(Font)              <12> on input line 35.
LaTeX Font Info:    External font `cmex10' loaded for size
(Font)              <8> on input line 35.
LaTeX Font Info:    External font `cmex10' loaded for size
(Font)              <6> on input line 35.
(Assignment2-report.toc)
\tf@toc=\write3
\openout3 = `Assignment2-report.toc'.

 (as2.m [1

{C:/Users/13207/AppData/Local/MiKTeX/2.9/pdftex/config/pdftex.map}] [2]) (filte
rs.m [3] [4])
<ori_spec.png, id=20, 1264.725pt x 951.555pt>
File: ori_spec.png Graphic file (type png)
<use ori_spec.png>
Package pdftex.def Info: ori_spec.png  used on input line 47.
(pdftex.def)             Requested size: 483.69687pt x 363.91779pt.
 [5 <./ori_spec.png (PNG copy)>]
<noise_added_spec.png, id=24, 1264.725pt x 951.555pt>
File: noise_added_spec.png Graphic file (type png)
<use noise_added_spec.png>
Package pdftex.def Info: noise_added_spec.png  used on input line 54.
(pdftex.def)             Requested size: 483.69687pt x 363.91779pt.
[6 <./noise_added_spec.png (PNG copy)>]
<noise_added_img.png, id=28, 632.3625pt x 475.7775pt>
File: noise_added_img.png Graphic file (type png)
<use noise_added_img.png>
Package pdftex.def Info: noise_added_img.png  used on input line 61.
(pdftex.def)             Requested size: 483.69687pt x 363.93228pt.
<noise_spec.png, id=29, 1264.725pt x 951.555pt>
File: noise_spec.png Graphic file (type png)
<use noise_spec.png>
Package pdftex.def Info: noise_spec.png  used on input line 67.
(pdftex.def)             Requested size: 483.69687pt x 363.91779pt.

Underfull \hbox (badness 10000) in paragraph at lines 58--71

 []


Underfull \hbox (badness 10000) in paragraph at lines 58--71

 []


Underfull \hbox (badness 10000) in paragraph at lines 58--71

 []

[7 <./noise_added_img.png (PNG copy)>]
<ideal.png, id=34, 632.3625pt x 475.7775pt>
File: ideal.png Graphic file (type png)
<use ideal.png>
Package pdftex.def Info: ideal.png  used on input line 76.
(pdftex.def)             Requested size: 435.32422pt x 327.5318pt.
<btw.png, id=35, 632.3625pt x 475.7775pt>
File: btw.png Graphic file (type png)
<use btw.png>
Package pdftex.def Info: btw.png  used on input line 82.
(pdftex.def)             Requested size: 435.32422pt x 327.5318pt.
<gaussian.png, id=36, 632.3625pt x 475.7775pt>
File: gaussian.png Graphic file (type png)
<use gaussian.png>
Package pdftex.def Info: gaussian.png  used on input line 87.
(pdftex.def)             Requested size: 435.32422pt x 327.5318pt.
 [8 <./noise_spec.png (PNG copy)> <./ideal.png (PNG copy)>]
<ideal_filtered_spec.png, id=40, 1264.725pt x 951.555pt>
File: ideal_filtered_spec.png Graphic file (type png)
<use ideal_filtered_spec.png>
Package pdftex.def Info: ideal_filtered_spec.png  used on input line 95.
(pdftex.def)             Requested size: 145.11053pt x 109.17242pt.
<btw_filtered_spec.png, id=41, 1264.725pt x 951.555pt>
File: btw_filtered_spec.png Graphic file (type png)
<use btw_filtered_spec.png>
Package pdftex.def Info: btw_filtered_spec.png  used on input line 99.
(pdftex.def)             Requested size: 145.11053pt x 109.17242pt.
<gaussian_filtered_spec.png, id=42, 1264.725pt x 951.555pt>
File: gaussian_filtered_spec.png Graphic file (type png)
<use gaussian_filtered_spec.png>
Package pdftex.def Info: gaussian_filtered_spec.png  used on input line 103.
(pdftex.def)             Requested size: 145.11053pt x 109.17242pt.
<ideal_filtered_spec_man.png, id=43, 1264.725pt x 951.555pt>
File: ideal_filtered_spec_man.png Graphic file (type png)
<use ideal_filtered_spec_man.png>
Package pdftex.def Info: ideal_filtered_spec_man.png  used on input line 113.
(pdftex.def)             Requested size: 145.11053pt x 109.17242pt.
<btw_filtered_spec_man.png, id=44, 1264.725pt x 951.555pt>
File: btw_filtered_spec_man.png Graphic file (type png)
<use btw_filtered_spec_man.png>
Package pdftex.def Info: btw_filtered_spec_man.png  used on input line 117.
(pdftex.def)             Requested size: 145.11053pt x 109.17242pt.
<gaussian_filtered_spec_man.png, id=45, 1264.725pt x 951.555pt>
File: gaussian_filtered_spec_man.png Graphic file (type png)
<use gaussian_filtered_spec_man.png>
Package pdftex.def Info: gaussian_filtered_spec_man.png  used on input line 121
.
(pdftex.def)             Requested size: 145.11053pt x 109.17242pt.
 [9 <./btw.png (PNG copy)> <./gaussian.png (PNG copy)>]
<ideal_image.png, id=49, 632.3625pt x 475.7775pt>
File: ideal_image.png Graphic file (type png)
<use ideal_image.png>
Package pdftex.def Info: ideal_image.png  used on input line 132.
(pdftex.def)             Requested size: 145.11053pt x 109.17242pt.
<btw_image.png, id=50, 632.3625pt x 475.7775pt>
File: btw_image.png Graphic file (type png)
<use btw_image.png>
Package pdftex.def Info: btw_image.png  used on input line 136.
(pdftex.def)             Requested size: 145.11053pt x 109.17242pt.
<gaussian_image.png, id=51, 632.3625pt x 475.7775pt>
File: gaussian_image.png Graphic file (type png)
<use gaussian_image.png>
Package pdftex.def Info: gaussian_image.png  used on input line 140.
(pdftex.def)             Requested size: 145.11053pt x 109.17242pt.
<ideal_image_man.png, id=52, 632.3625pt x 475.7775pt>
File: ideal_image_man.png Graphic file (type png)
<use ideal_image_man.png>
Package pdftex.def Info: ideal_image_man.png  used on input line 149.
(pdftex.def)             Requested size: 145.11053pt x 109.17242pt.
<btw_image_man.png, id=53, 632.3625pt x 475.7775pt>
File: btw_image_man.png Graphic file (type png)
<use btw_image_man.png>
Package pdftex.def Info: btw_image_man.png  used on input line 153.
(pdftex.def)             Requested size: 145.11053pt x 109.17242pt.
<gaussian_image_man.png, id=54, 632.3625pt x 475.7775pt>
File: gaussian_image_man.png Graphic file (type png)
<use gaussian_image_man.png>
Package pdftex.def Info: gaussian_image_man.png  used on input line 157.
(pdftex.def)             Requested size: 145.11053pt x 109.17242pt.

[10 <./ideal_filtered_spec.png (PNG copy)> <./btw_filtered_spec.png (PNG copy)>
 <./gaussian_filtered_spec.png (PNG copy)> <./ideal_filtered_spec_man.png (PNG 
copy)> <./btw_filtered_spec_man.png (PNG copy)> <./gaussian_filtered_spec_man.p
ng (PNG copy)> <./ideal_image.png (PNG copy)> <./btw_image.png (PNG copy)> <./g
aussian_image.png (PNG copy)> <./ideal_image_man.png (PNG copy)> <./btw_image_m
an.png (PNG copy)> <./gaussian_image_man.png (PNG copy)>]
<ideal3d.png, id=59, 1445.4pt x 685.8122pt>
File: ideal3d.png Graphic file (type png)
<use ideal3d.png>
Package pdftex.def Info: ideal3d.png  used on input line 168.
(pdftex.def)             Requested size: 145.11053pt x 68.84685pt.
<btw3d.png, id=60, 1445.4pt x 685.8122pt>
File: btw3d.png Graphic file (type png)
<use btw3d.png>
Package pdftex.def Info: btw3d.png  used on input line 172.
(pdftex.def)             Requested size: 145.11053pt x 68.84685pt.
<gaussian3d.png, id=61, 1445.4pt x 685.8122pt>
File: gaussian3d.png Graphic file (type png)
<use gaussian3d.png>
Package pdftex.def Info: gaussian3d.png  used on input line 176.
(pdftex.def)             Requested size: 145.11053pt x 68.84685pt.
 [11 <./ideal3d.png (PNG copy)> <./btw3d.png (PNG copy)> <./gaussian3d.png (PNG
 copy)>]
(Assignment2-report.aux) ) 
Here is how much of TeX's memory you used:
 5599 strings out of 479129
 84418 string characters out of 2867538
 659435 words of memory out of 3000000
 23193 multiletter control sequences out of 15000+600000
 407844 words of font info for 42 fonts, out of 8000000 for 9000
 1141 hyphenation exceptions out of 8191
 67i,9n,77p,573b,2216s stack positions out of 5000i,500n,10000p,200000b,80000s
<E:/MiKTeX 2.9/fonts/type1/public/amsfonts/cm/cmbx10.
pfb><E:/MiKTeX 2.9/fonts/type1/public/amsfonts/cm/cmbx12.pfb><E:/MiKTeX 2.9/fon
ts/type1/public/amsfonts/cm/cmr10.pfb><E:/MiKTeX 2.9/fonts/type1/public/amsfont
s/cm/cmr12.pfb><E:/MiKTeX 2.9/fonts/type1/public/amsfonts/cm/cmr17.pfb><E:/MiKT
eX 2.9/fonts/type1/public/amsfonts/cm/cmr9.pfb><E:/MiKTeX 2.9/fonts/type1/publi
c/amsfonts/cm/cmtt9.pfb>
Output written on Assignment2-report.pdf (11 pages, 8343599 bytes).
PDF statistics:
 88 PDF objects out of 1000 (max. 8388607)
 0 named destinations out of 1000 (max. 500000)
 111 words of extra memory for PDF output out of 10000 (max. 10000000)

